<?xml version="1.0" encoding="UTF-8"?>
<testng-results ignored="0" total="1" passed="1" failed="0" skipped="0">
  <reporter-output>
  </reporter-output>
  <suite started-at="2024-05-13T05:48:36 EDT" name="Default suite" finished-at="2024-05-13T05:49:04 EDT" duration-ms="27678">
    <groups>
      <group name="cucumber">
        <method signature="AbstractTestNGCucumberTests.runScenario(io.cucumber.testng.PickleWrapper,io.cucumber.testng.FeatureWrapper)[pri:0, instance:runnerFile.Runner@64cd705f]" name="runScenario" class="io.cucumber.testng.AbstractTestNGCucumberTests"/>
      </group> <!-- cucumber -->
    </groups>
    <test started-at="2024-05-13T05:48:36 EDT" name="Default test" finished-at="2024-05-13T05:49:04 EDT" duration-ms="27678">
      <class name="runnerFile.Runner">
        <test-method is-config="true" signature="setUpClass(org.testng.ITestContext)[pri:0, instance:runnerFile.Runner@64cd705f]" started-at="2024-05-13T05:48:36 EDT" name="setUpClass" finished-at="2024-05-13T05:48:37 EDT" duration-ms="476" status="PASS">
          <params>
            <param index="0">
              <value>
                <![CDATA[org.testng.TestRunner@2418ba04]]>
              </value>
            </param>
          </params>
          <reporter-output>
          </reporter-output>
        </test-method> <!-- setUpClass -->
        <test-method signature="runScenario(io.cucumber.testng.PickleWrapper,io.cucumber.testng.FeatureWrapper)[pri:0, instance:runnerFile.Runner@64cd705f]" started-at="2024-05-13T05:48:37 EDT" name="runScenario" description="Runs Cucumber Scenarios" data-provider="scenarios" finished-at="2024-05-13T05:49:04 EDT" duration-ms="27068" status="PASS">
          <params>
            <param index="0">
              <value>
                <![CDATA["Successful YouTube Search"]]>
              </value>
            </param>
            <param index="1">
              <value>
                <![CDATA["Optional[YouTube Search]"]]>
              </value>
            </param>
          </params>
          <reporter-output>
          </reporter-output>
        </test-method> <!-- runScenario -->
        <test-method is-config="true" signature="tearDownClass()[pri:0, instance:runnerFile.Runner@64cd705f]" started-at="2024-05-13T05:49:04 EDT" name="tearDownClass" finished-at="2024-05-13T05:49:04 EDT" duration-ms="96" status="PASS">
          <reporter-output>
          </reporter-output>
        </test-method> <!-- tearDownClass -->
      </class> <!-- runnerFile.Runner -->
    </test> <!-- Default test -->
  </suite> <!-- Default suite -->
</testng-results>
